[2021-12-16 14:01:16] laravel.EMERGENCY: Unable to create configured logger. Using emergency logger. {"exception":"[object] (InvalidArgumentException(code: 0): Log [] is not defined. at C:\\Users\\hoang\\Desktop\\github.com\\hweihwang\\laravel-api-starter\\vendor\\laravel\\framework\\src\\Illuminate\\Log\\LogManager.php:207)
[stacktrace]
#0 C:\\Users\\hoang\\Desktop\\github.com\\hweihwang\\laravel-api-starter\\vendor\\laravel\\framework\\src\\Illuminate\\Log\\LogManager.php(132): Illuminate\\Log\\LogManager->resolve()
#1 C:\\Users\\hoang\\Desktop\\github.com\\hweihwang\\laravel-api-starter\\vendor\\laravel\\framework\\src\\Illuminate\\Log\\LogManager.php(111): Illuminate\\Log\\LogManager->get()
#2 C:\\Users\\hoang\\Desktop\\github.com\\hweihwang\\laravel-api-starter\\vendor\\laravel\\framework\\src\\Illuminate\\Log\\LogManager.php(583): Illuminate\\Log\\LogManager->driver()
#3 C:\\Users\\hoang\\Desktop\\github.com\\hweihwang\\laravel-api-starter\\vendor\\laravel\\framework\\src\\Illuminate\\Foundation\\Exceptions\\Handler.php(252): Illuminate\\Log\\LogManager->error()
#4 C:\\Users\\hoang\\Desktop\\github.com\\hweihwang\\laravel-api-starter\\vendor\\laravel\\framework\\src\\Illuminate\\Foundation\\Console\\Kernel.php(366): Illuminate\\Foundation\\Exceptions\\Handler->report()
#5 C:\\Users\\hoang\\Desktop\\github.com\\hweihwang\\laravel-api-starter\\vendor\\laravel\\framework\\src\\Illuminate\\Foundation\\Console\\Kernel.php(131): Illuminate\\Foundation\\Console\\Kernel->reportException()
#6 C:\\Users\\hoang\\Desktop\\github.com\\hweihwang\\laravel-api-starter\\artisan(37): Illuminate\\Foundation\\Console\\Kernel->handle()
#7 {main}
"} 
[2021-12-16 14:01:16] laravel.ERROR: RecursiveDirectoryIterator::__construct(): Argument #1 ($directory) cannot be empty {"exception":"[object] (ValueError(code: 0): RecursiveDirectoryIterator::__construct(): Argument #1 ($directory) cannot be empty at C:\\Users\\hoang\\Desktop\\github.com\\hweihwang\\laravel-api-starter\\vendor\\symfony\\finder\\Iterator\\RecursiveDirectoryIterator.php:48)
[stacktrace]
#0 C:\\Users\\hoang\\Desktop\\github.com\\hweihwang\\laravel-api-starter\\vendor\\symfony\\finder\\Iterator\\RecursiveDirectoryIterator.php(48): RecursiveDirectoryIterator->__construct()
#1 C:\\Users\\hoang\\Desktop\\github.com\\hweihwang\\laravel-api-starter\\vendor\\symfony\\finder\\Finder.php(740): Symfony\\Component\\Finder\\Iterator\\RecursiveDirectoryIterator->__construct()
#2 C:\\Users\\hoang\\Desktop\\github.com\\hweihwang\\laravel-api-starter\\vendor\\symfony\\finder\\Finder.php(618): Symfony\\Component\\Finder\\Finder->searchInDirectory()
#3 C:\\Users\\hoang\\Desktop\\github.com\\hweihwang\\laravel-api-starter\\vendor\\laravel\\framework\\src\\Illuminate\\Foundation\\Bootstrap\\LoadConfiguration.php(88): Symfony\\Component\\Finder\\Finder->getIterator()
#4 C:\\Users\\hoang\\Desktop\\github.com\\hweihwang\\laravel-api-starter\\vendor\\laravel\\framework\\src\\Illuminate\\Foundation\\Bootstrap\\LoadConfiguration.php(65): Illuminate\\Foundation\\Bootstrap\\LoadConfiguration->getConfigurationFiles()
#5 C:\\Users\\hoang\\Desktop\\github.com\\hweihwang\\laravel-api-starter\\vendor\\laravel\\framework\\src\\Illuminate\\Foundation\\Bootstrap\\LoadConfiguration.php(39): Illuminate\\Foundation\\Bootstrap\\LoadConfiguration->loadConfigurationFiles()
#6 C:\\Users\\hoang\\Desktop\\github.com\\hweihwang\\laravel-api-starter\\vendor\\laravel\\framework\\src\\Illuminate\\Foundation\\Application.php(237): Illuminate\\Foundation\\Bootstrap\\LoadConfiguration->bootstrap()
#7 C:\\Users\\hoang\\Desktop\\github.com\\hweihwang\\laravel-api-starter\\vendor\\laravel\\framework\\src\\Illuminate\\Foundation\\Console\\Kernel.php(310): Illuminate\\Foundation\\Application->bootstrapWith()
#8 C:\\Users\\hoang\\Desktop\\github.com\\hweihwang\\laravel-api-starter\\vendor\\laravel\\framework\\src\\Illuminate\\Foundation\\Console\\Kernel.php(127): Illuminate\\Foundation\\Console\\Kernel->bootstrap()
#9 C:\\Users\\hoang\\Desktop\\github.com\\hweihwang\\laravel-api-starter\\artisan(37): Illuminate\\Foundation\\Console\\Kernel->handle()
#10 {main}
"} 
